2018-10-07 19:35:26,011 INFO o.a.j.u.JMeterUtils: Setting Locale to en_US
2018-10-07 19:35:26,026 INFO o.a.j.JMeter: Loading user properties from: user.properties
2018-10-07 19:35:26,027 INFO o.a.j.JMeter: Loading system properties from: system.properties
2018-10-07 19:35:26,030 INFO o.a.j.JMeter: Copyright (c) 1998-2018 The Apache Software Foundation
2018-10-07 19:35:26,030 INFO o.a.j.JMeter: Version 4.0 r1823414
2018-10-07 19:35:26,030 INFO o.a.j.JMeter: java.version=1.8.0_181
2018-10-07 19:35:26,030 INFO o.a.j.JMeter: java.vm.name=Java HotSpot(TM) 64-Bit Server VM
2018-10-07 19:35:26,030 INFO o.a.j.JMeter: os.name=Mac OS X
2018-10-07 19:35:26,030 INFO o.a.j.JMeter: os.arch=x86_64
2018-10-07 19:35:26,031 INFO o.a.j.JMeter: os.version=10.13.6
2018-10-07 19:35:26,031 INFO o.a.j.JMeter: file.encoding=UTF-8
2018-10-07 19:35:26,031 INFO o.a.j.JMeter: Max memory     =514850816
2018-10-07 19:35:26,031 INFO o.a.j.JMeter: Available Processors =12
2018-10-07 19:35:26,034 INFO o.a.j.JMeter: Default Locale=English (United States)
2018-10-07 19:35:26,034 INFO o.a.j.JMeter: JMeter  Locale=English (United States)
2018-10-07 19:35:26,034 INFO o.a.j.JMeter: JMeterHome=/Users/jahidul/IdeaProjects/API_Testing_By_JMeter/target/jmeter
2018-10-07 19:35:26,034 INFO o.a.j.JMeter: user.dir  =/Users/jahidul/IdeaProjects/API_Testing_By_JMeter/target/jmeter/bin
2018-10-07 19:35:26,034 INFO o.a.j.JMeter: PWD       =/Users/jahidul/IdeaProjects/API_Testing_By_JMeter/target/jmeter/bin
2018-10-07 19:35:26,035 INFO o.a.j.JMeter: IP: 10.11.11.122 Name: Mds-MacBook-Pro.local FullName: 10.11.11.122
2018-10-07 19:35:26,036 INFO o.a.j.JMeter: Setting property 'jmeter.reportgenerator.outputdir' to:'/Users/jahidul/IdeaProjects/API_Testing_By_JMeter/target/jmeter/reports/ServiceApi_20181007_193525'
2018-10-07 19:35:26,038 INFO o.a.j.s.FileServer: Default base='/Users/jahidul/IdeaProjects/API_Testing_By_JMeter/target/jmeter/bin'
2018-10-07 19:35:26,041 INFO o.a.j.s.FileServer: Set new base='/Users/jahidul/IdeaProjects/API_Testing_By_JMeter/target/jmeter/testFiles'
2018-10-07 19:35:26,136 INFO o.a.j.s.SaveService: Testplan (JMX) version: 2.2. Testlog (JTL) version: 2.2
2018-10-07 19:35:26,149 INFO o.a.j.s.SaveService: Using SaveService properties file encoding UTF-8
2018-10-07 19:35:26,153 INFO o.a.j.s.SaveService: Using SaveService properties version 4.0
2018-10-07 19:35:26,158 INFO o.a.j.s.SaveService: Loading file: /Users/jahidul/IdeaProjects/API_Testing_By_JMeter/target/jmeter/testFiles/ServiceApi.jmx
2018-10-07 19:35:26,198 INFO o.a.j.p.h.s.HTTPSamplerBase: Parser for text/html is org.apache.jmeter.protocol.http.parser.LagartoBasedHtmlParser
2018-10-07 19:35:26,198 INFO o.a.j.p.h.s.HTTPSamplerBase: Parser for application/xhtml+xml is org.apache.jmeter.protocol.http.parser.LagartoBasedHtmlParser
2018-10-07 19:35:26,198 INFO o.a.j.p.h.s.HTTPSamplerBase: Parser for application/xml is org.apache.jmeter.protocol.http.parser.LagartoBasedHtmlParser
2018-10-07 19:35:26,198 INFO o.a.j.p.h.s.HTTPSamplerBase: Parser for text/xml is org.apache.jmeter.protocol.http.parser.LagartoBasedHtmlParser
2018-10-07 19:35:26,198 INFO o.a.j.p.h.s.HTTPSamplerBase: Parser for text/vnd.wap.wml is org.apache.jmeter.protocol.http.parser.RegexpHTMLParser
2018-10-07 19:35:26,198 INFO o.a.j.p.h.s.HTTPSamplerBase: Parser for text/css is org.apache.jmeter.protocol.http.parser.CssParser
2018-10-07 19:35:26,218 INFO o.a.j.JMeter: Creating summariser <summary>
2018-10-07 19:35:26,222 INFO o.a.j.r.d.ReportGenerator: ReportGenerator will use for Parsing the separator: ','
2018-10-07 19:35:26,222 INFO o.a.j.r.d.ReportGenerator: Will generate report at end of test from  results file: /Users/jahidul/IdeaProjects/API_Testing_By_JMeter/target/jmeter/results/20181007-ServiceApi.csv
2018-10-07 19:35:26,222 INFO o.a.j.r.d.ReportGenerator: Reading report generator properties from: /Users/jahidul/IdeaProjects/API_Testing_By_JMeter/target/jmeter/bin/reportgenerator.properties
2018-10-07 19:35:26,222 INFO o.a.j.r.d.ReportGenerator: Merging with JMeter properties
2018-10-07 19:35:26,226 INFO o.a.j.r.c.ReportGeneratorConfiguration: Property 'jmeter.reportgenerator.temp_dir' not found, using default value 'temp' instead.
2018-10-07 19:35:26,229 INFO o.a.j.r.c.ReportGeneratorConfiguration: Property 'jmeter.reportgenerator.apdex_per_transaction' not found, using default value 'null' instead.
2018-10-07 19:35:26,229 INFO o.a.j.r.c.ReportGeneratorConfiguration: apdex_per_transaction : {} is empty, not APDEX per transaction customization
2018-10-07 19:35:26,229 INFO o.a.j.r.c.ReportGeneratorConfiguration: Property 'jmeter.reportgenerator.sample_filter' not found, using default value 'null' instead.
2018-10-07 19:35:26,229 INFO o.a.j.r.c.ReportGeneratorConfiguration: Property 'jmeter.reportgenerator.report_title' not found, using default value 'null' instead.
2018-10-07 19:35:26,229 INFO o.a.j.r.c.ReportGeneratorConfiguration: Property 'jmeter.reportgenerator.start_date' not found, using default value 'null' instead.
2018-10-07 19:35:26,229 INFO o.a.j.r.c.ReportGeneratorConfiguration: Property 'jmeter.reportgenerator.end_date' not found, using default value 'null' instead.
2018-10-07 19:35:26,229 INFO o.a.j.r.c.ReportGeneratorConfiguration: Property 'jmeter.reportgenerator.date_format' not found, using default value 'null' instead.
2018-10-07 19:35:26,229 INFO o.a.j.r.c.ReportGeneratorConfiguration: Will use date range start date: null, end date: null
2018-10-07 19:35:26,233 INFO o.a.j.r.c.ReportGeneratorConfiguration: Property 'jmeter.reportgenerator.graph.activeThreadsOverTime.exclude_controllers' not found, using default value 'false' instead.
2018-10-07 19:35:26,233 INFO o.a.j.r.c.ReportGeneratorConfiguration: Property 'jmeter.reportgenerator.graph.timeVsThreads.exclude_controllers' not found, using default value 'false' instead.
2018-10-07 19:35:26,233 INFO o.a.j.r.c.ReportGeneratorConfiguration: Property 'jmeter.reportgenerator.graph.responseTimeDistribution.exclude_controllers' not found, using default value 'false' instead.
2018-10-07 19:35:26,234 INFO o.a.j.r.c.ReportGeneratorConfiguration: Property 'jmeter.reportgenerator.graph.transactionsPerSecond.exclude_controllers' not found, using default value 'false' instead.
2018-10-07 19:35:26,234 INFO o.a.j.r.c.ReportGeneratorConfiguration: Property 'jmeter.reportgenerator.graph.responseTimePercentiles.exclude_controllers' not found, using default value 'false' instead.
2018-10-07 19:35:26,234 INFO o.a.j.r.c.ReportGeneratorConfiguration: Property 'jmeter.reportgenerator.graph.responseTimePercentilesOverTime.exclude_controllers' not found, using default value 'false' instead.
2018-10-07 19:35:26,234 INFO o.a.j.r.c.ReportGeneratorConfiguration: Property 'jmeter.reportgenerator.graph.responseTimesOverTime.exclude_controllers' not found, using default value 'false' instead.
2018-10-07 19:35:26,234 INFO o.a.j.r.c.ReportGeneratorConfiguration: Property 'jmeter.reportgenerator.graph.connectTimeOverTime.exclude_controllers' not found, using default value 'false' instead.
2018-10-07 19:35:26,234 INFO o.a.j.r.c.ReportGeneratorConfiguration: Property 'jmeter.reportgenerator.graph.latenciesOverTime.exclude_controllers' not found, using default value 'false' instead.
2018-10-07 19:35:26,235 INFO o.a.j.r.c.ReportGeneratorConfiguration: Property 'jmeter.reportgenerator.exporter.html.filters_only_sample_series' not found, using default value 'true' instead.
2018-10-07 19:35:26,235 INFO o.a.j.r.c.ReportGeneratorConfiguration: Property 'jmeter.reportgenerator.exporter.html.series_filter' not found, using default value '' instead.
2018-10-07 19:35:26,235 INFO o.a.j.r.c.ReportGeneratorConfiguration: Property 'jmeter.reportgenerator.exporter.html.show_controllers_only' not found, using default value 'false' instead.
2018-10-07 19:35:26,239 INFO o.a.j.e.StandardJMeterEngine: Running the test!
2018-10-07 19:35:26,239 INFO o.a.j.s.SampleEvent: List of sample_variables: []
2018-10-07 19:35:26,239 INFO o.a.j.s.SampleEvent: List of sample_variables: []
2018-10-07 19:35:26,243 INFO o.a.j.e.u.CompoundVariable: Note: Function class names must contain the string: '.functions.'
2018-10-07 19:35:26,243 INFO o.a.j.e.u.CompoundVariable: Note: Function class names must not contain the string: '.gui.'
2018-10-07 19:35:26,520 INFO o.a.j.JMeter: Running test (1538955326520)
2018-10-07 19:35:26,569 INFO o.a.j.e.StandardJMeterEngine: Starting ThreadGroup: 1 : Thread Group
2018-10-07 19:35:26,569 INFO o.a.j.e.StandardJMeterEngine: Starting 1 threads for group Thread Group.
2018-10-07 19:35:26,569 INFO o.a.j.e.StandardJMeterEngine: Thread will continue on error
2018-10-07 19:35:26,569 INFO o.a.j.t.ThreadGroup: Starting thread group... number=1 threads=1 ramp-up=1 perThread=1000.0 delayedStart=false
2018-10-07 19:35:26,572 INFO o.a.j.t.ThreadGroup: Started thread group number 1
2018-10-07 19:35:26,572 INFO o.a.j.e.StandardJMeterEngine: All thread groups have been started
2018-10-07 19:35:26,749 INFO o.a.j.t.JMeterThread: Thread started: Thread Group 1-1
2018-10-07 19:35:26,751 INFO o.a.j.s.FileServer: Stored: /Users/jahidul/IdeaProjects/API_Testing_By_JMeter/data/DataFile.csv
2018-10-07 19:35:26,766 INFO o.a.j.p.h.s.HTTPHCAbstractImpl: Local host = Mds-MacBook-Pro.local
2018-10-07 19:35:26,770 INFO o.a.j.p.h.s.HTTPHC4Impl: HTTP request retry count = 0
2018-10-07 19:35:26,776 INFO o.a.j.s.SampleResult: Note: Sample TimeStamps are START times
2018-10-07 19:35:26,776 INFO o.a.j.s.SampleResult: sampleresult.default.encoding is set to ISO-8859-1
2018-10-07 19:35:26,777 INFO o.a.j.s.SampleResult: sampleresult.useNanoTime=true
2018-10-07 19:35:26,777 INFO o.a.j.s.SampleResult: sampleresult.nanoThreadSleep=5000
2018-10-07 19:35:29,104 INFO o.a.j.t.JMeterThread: Thread is done: Thread Group 1-1
2018-10-07 19:35:29,105 INFO o.a.j.t.JMeterThread: Thread finished: Thread Group 1-1
2018-10-07 19:35:29,106 INFO o.a.j.e.StandardJMeterEngine: Notifying test listeners of end of test
2018-10-07 19:35:29,106 INFO o.a.j.s.FileServer: Close: /Users/jahidul/IdeaProjects/API_Testing_By_JMeter/data/DataFile.csv
2018-10-07 19:35:29,107 INFO o.a.j.r.Summariser: summary =      1 in 00:00:03 =    0.4/s Avg:  2278 Min:  2278 Max:  2278 Err:     0 (0.00%)
2018-10-07 19:35:29,107 INFO o.a.j.JMeter: Generating Dashboard
2018-10-07 19:35:29,107 INFO o.a.j.r.d.ReportGenerator: Flushing result collector before report Generation
2018-10-07 19:35:29,114 INFO o.a.j.r.p.NormalizerSampleConsumer: Using format, 'ms', to parse timeStamp field
2018-10-07 19:35:29,157 INFO o.a.j.r.p.AbstractSampleConsumer: class org.apache.jmeter.report.processor.AggregateConsumer#stopProducing(): beginDate produced 0 samples
2018-10-07 19:35:29,158 INFO o.a.j.r.p.AbstractSampleConsumer: class org.apache.jmeter.report.processor.AggregateConsumer#stopProducing(): endDate produced 0 samples
2018-10-07 19:35:29,159 INFO o.a.j.r.p.AbstractSampleConsumer: class org.apache.jmeter.report.processor.ApdexSummaryConsumer#stopProducing(): apdexSummary produced 0 samples
2018-10-07 19:35:29,159 INFO o.a.j.r.p.AbstractSampleConsumer: class org.apache.jmeter.report.processor.RequestsSummaryConsumer#stopProducing(): requestsSummary produced 0 samples
2018-10-07 19:35:29,161 INFO o.a.j.r.p.AbstractSampleConsumer: class org.apache.jmeter.report.processor.StatisticsSummaryConsumer#stopProducing(): statisticsSummary produced 0 samples
2018-10-07 19:35:29,165 INFO o.a.j.r.p.AbstractSampleConsumer: class org.apache.jmeter.report.processor.Top5ErrorsBySamplerConsumer#stopProducing(): top5ErrorsBySampler produced 0 samples
2018-10-07 19:35:29,165 INFO o.a.j.r.p.AbstractSampleConsumer: class org.apache.jmeter.report.processor.ErrorsSummaryConsumer#stopProducing(): errorsSummary produced 0 samples
2018-10-07 19:35:29,165 INFO o.a.j.r.p.AbstractSampleConsumer: class org.apache.jmeter.report.processor.graph.impl.HitsPerSecondGraphConsumer#stopProducing(): hitsPerSecond produced 0 samples
2018-10-07 19:35:29,171 INFO o.a.j.r.p.AbstractSampleConsumer: class org.apache.jmeter.report.processor.graph.impl.LatencyVSRequestGraphConsumer#stopProducing(): latencyVsRequest produced 0 samples
2018-10-07 19:35:29,171 INFO o.a.j.r.p.AbstractSampleConsumer: class org.apache.jmeter.report.processor.graph.impl.SyntheticResponseTimeDistributionGraphConsumer#stopProducing(): syntheticResponseTimeDistribution produced 0 samples
2018-10-07 19:35:29,171 INFO o.a.j.r.p.AbstractSampleConsumer: class org.apache.jmeter.report.processor.graph.impl.BytesThroughputGraphConsumer#stopProducing(): bytesThroughputOverTime produced 0 samples
2018-10-07 19:35:29,171 INFO o.a.j.r.p.AbstractSampleConsumer: class org.apache.jmeter.report.processor.graph.impl.CodesPerSecondGraphConsumer#stopProducing(): codesPerSecond produced 0 samples
2018-10-07 19:35:29,172 INFO o.a.j.r.p.AbstractSampleConsumer: class org.apache.jmeter.report.processor.graph.impl.ResponseTimeVSRequestGraphConsumer#stopProducing(): responseTimeVsRequest produced 0 samples
2018-10-07 19:35:29,172 INFO o.a.j.r.p.AbstractSampleConsumer: class org.apache.jmeter.report.processor.FilterConsumer#stopProducing(): startIntervalControlerFilter produced 7 samples
2018-10-07 19:35:29,172 INFO o.a.j.r.p.AbstractSampleConsumer: class org.apache.jmeter.report.processor.graph.impl.ActiveThreadsGraphConsumer#stopProducing(): activeThreadsOverTime produced 0 samples
2018-10-07 19:35:29,172 INFO o.a.j.r.p.AbstractSampleConsumer: class org.apache.jmeter.report.processor.graph.impl.TimeVSThreadGraphConsumer#stopProducing(): timeVsThreads produced 0 samples
2018-10-07 19:35:29,172 INFO o.a.j.r.p.AbstractSampleConsumer: class org.apache.jmeter.report.processor.graph.impl.ResponseTimeDistributionGraphConsumer#stopProducing(): responseTimeDistribution produced 0 samples
2018-10-07 19:35:29,173 INFO o.a.j.r.p.AbstractSampleConsumer: class org.apache.jmeter.report.processor.graph.impl.TransactionsPerSecondGraphConsumer#stopProducing(): transactionsPerSecond produced 0 samples
2018-10-07 19:35:29,173 INFO o.a.j.r.p.AbstractSampleConsumer: class org.apache.jmeter.report.processor.graph.impl.ResponseTimePercentilesGraphConsumer#stopProducing(): responseTimePercentiles produced 0 samples
2018-10-07 19:35:29,173 INFO o.a.j.r.p.AbstractSampleConsumer: class org.apache.jmeter.report.processor.graph.impl.ResponseTimePercentilesOverTimeGraphConsumer#stopProducing(): responseTimePercentilesOverTime produced 0 samples
2018-10-07 19:35:29,173 INFO o.a.j.r.p.AbstractSampleConsumer: class org.apache.jmeter.report.processor.graph.impl.ResponseTimeOverTimeGraphConsumer#stopProducing(): responseTimesOverTime produced 0 samples
2018-10-07 19:35:29,173 INFO o.a.j.r.p.AbstractSampleConsumer: class org.apache.jmeter.report.processor.graph.impl.ConnectTimeOverTimeGraphConsumer#stopProducing(): connectTimeOverTime produced 0 samples
2018-10-07 19:35:29,173 INFO o.a.j.r.p.AbstractSampleConsumer: class org.apache.jmeter.report.processor.graph.impl.LatencyOverTimeGraphConsumer#stopProducing(): latenciesOverTime produced 0 samples
2018-10-07 19:35:29,173 INFO o.a.j.r.p.AbstractSampleConsumer: class org.apache.jmeter.report.processor.FilterConsumer#stopProducing(): nameFilter produced 14 samples
2018-10-07 19:35:29,174 INFO o.a.j.r.p.AbstractSampleConsumer: class org.apache.jmeter.report.processor.FilterConsumer#stopProducing(): dateRangeFilter produced 3 samples
2018-10-07 19:35:29,174 INFO o.a.j.r.p.AbstractSampleConsumer: class org.apache.jmeter.report.processor.NormalizerSampleConsumer#stopProducing(): normalizer produced 1 samples
2018-10-07 19:35:29,174 INFO o.a.j.r.p.CsvFileSampleSource: produce(): 1 samples produced in 43ms on channel 0
2018-10-07 19:35:29,174 INFO o.a.j.r.d.ReportGenerator: Exporting data using exporter:'html' of className:'org.apache.jmeter.report.dashboard.HtmlTemplateExporter'
2018-10-07 19:35:29,176 INFO o.a.j.r.d.HtmlTemplateExporter: Will generate dashboard in folder: /Users/jahidul/IdeaProjects/API_Testing_By_JMeter/target/jmeter/reports/ServiceApi_20181007_193525
2018-10-07 19:35:29,226 INFO o.a.j.r.d.HtmlTemplateExporter: Report will be generated in: /Users/jahidul/IdeaProjects/API_Testing_By_JMeter/target/jmeter/reports/ServiceApi_20181007_193525, creating folder structure
2018-10-07 19:35:29,404 INFO o.a.j.JMeter: Dashboard generated
